<?xml version="1.0" encoding="UTF-8"?>
<!-- Generated by org.testng.reporters.JUnitReportReporter -->
<testsuite hostname="MALLICKH2" name="SGW_NewPort.Version_1_0_pageUtility.CompareImg" tests="1" failures="0" timestamp="24 May 2016 06:53:15 GMT" time="7.648" errors="0">
  <testcase name="validText" time="7.648" classname="SGW_NewPort.Version_1_0_pageUtility.CompareImg"/>
</testsuite> <!-- SGW_NewPort.Version_1_0_pageUtility.CompareImg -->
