<?xml version="1.0" encoding="UTF-8"?>
<!-- Generated by org.testng.reporters.JUnitReportReporter -->
<testsuite hostname="MALLICKH2" name="TryImgCompare" tests="1" failures="0" timestamp="24 May 2016 06:29:50 GMT" time="8.661" errors="0">
  <testcase name="testimg" time="8.661" classname="TryImgCompare"/>
</testsuite> <!-- TryImgCompare -->
